app/build/intermediates/manifest_merge_blame_file/debug/manifest-merger-blame-debug-report.txt
1<?xml version="1.0" encoding="utf-8"?>
2<manifest xmlns:android="http://schemas.android.com/apk/res/android"
3    package="com.NFU.CSIE40543210"
4    android:versionCode="1"
5    android:versionName="1.0" >
6
7    <uses-sdk
8        android:minSdkVersion="15"
8-->src\main\AndroidManifest.xml
9        android:targetSdkVersion="29" />
9-->src\main\AndroidManifest.xml
10
11    <application
11-->src\main\AndroidManifest.xml:5:5-33:19
12        android:allowBackup="true"
12-->src\main\AndroidManifest.xml:6:9-35
13        android:appComponentFactory="androidx.core.app.CoreComponentFactory"
13-->[androidx.core:core:1.1.0] AndroidManifest.xml:24:18-86
14        android:debuggable="true"
15        android:icon="@mipmap/ic_launcher"
15-->src\main\AndroidManifest.xml:7:9-43
16        android:label="@string/app_name"
16-->src\main\AndroidManifest.xml:8:9-41
17        android:roundIcon="@mipmap/ic_launcher_round"
17-->src\main\AndroidManifest.xml:9:9-54
18        android:supportsRtl="true"
18-->src\main\AndroidManifest.xml:10:9-35
19        android:testOnly="true"
20        android:theme="@style/AppTheme" >
20-->src\main\AndroidManifest.xml:11:9-40
21        <activity
21-->src\main\AndroidManifest.xml:12:9-15:25
22            android:name="com.NFU.CSIE40543210.upgradeActivity"
22-->src\main\AndroidManifest.xml:13:13-44
23            android:screenOrientation="landscape" />
23-->src\main\AndroidManifest.xml:14:13-50
24        <activity
24-->src\main\AndroidManifest.xml:16:9-18:53
25            android:name="com.NFU.CSIE40543210.SelectActivity"
25-->src\main\AndroidManifest.xml:17:13-43
26            android:screenOrientation="landscape" />
26-->src\main\AndroidManifest.xml:18:13-50
27        <activity
27-->src\main\AndroidManifest.xml:19:9-29:20
28            android:name="com.NFU.CSIE40543210.MainPage"
28-->src\main\AndroidManifest.xml:20:13-37
29            android:label="@string/title_activity_main_page"
29-->src\main\AndroidManifest.xml:21:13-61
30            android:screenOrientation="landscape"
30-->src\main\AndroidManifest.xml:22:13-50
31            android:theme="@style/AppTheme.NoActionBar" >
31-->src\main\AndroidManifest.xml:23:13-56
32            <intent-filter>
32-->src\main\AndroidManifest.xml:24:13-28:29
33                <action android:name="android.intent.action.MAIN" />
33-->src\main\AndroidManifest.xml:25:17-69
33-->src\main\AndroidManifest.xml:25:25-66
34
35                <category android:name="android.intent.category.LAUNCHER" />
35-->src\main\AndroidManifest.xml:27:17-77
35-->src\main\AndroidManifest.xml:27:27-74
36            </intent-filter>
37        </activity>
38        <activity
38-->src\main\AndroidManifest.xml:30:9-32:53
39            android:name="com.NFU.CSIE40543210.MainActivity"
39-->src\main\AndroidManifest.xml:31:13-41
40            android:screenOrientation="landscape" />
40-->src\main\AndroidManifest.xml:32:13-50
41    </application>
42
43</manifest>